SF:lib/utils/kit_native_overlay.dart
DA:36,2
DA:37,2
DA:39,2
DA:42,3
DA:44,2
LF:5
LH:5
end_of_record
SF:lib/platform/kit_platform.dart
DA:13,0
DA:19,17
DA:22,0
DA:24,8
DA:26,10
DA:29,15
DA:31,30
DA:34,0
DA:35,0
DA:38,0
DA:44,0
DA:45,0
DA:47,0
DA:48,0
DA:49,0
DA:54,4
DA:57,30
DA:60,0
DA:61,0
DA:64,0
DA:65,0
DA:68,0
DA:69,0
DA:74,2
LF:24
LH:8
end_of_record
SF:lib/widgets/kit_glass_card.dart
DA:29,1
DA:56,1
DA:58,4
DA:61,2
DA:62,0
DA:63,0
DA:67,0
DA:78,1
DA:79,1
DA:81,0
DA:82,0
LF:11
LH:6
end_of_record
SF:lib/common/kit_glyphs.dart
DA:13,2
DA:21,0
DA:22,0
LF:3
LH:1
end_of_record
SF:lib/widgets/kit_fab_morph.dart
DA:15,2
DA:29,2
DA:31,4
DA:33,4
DA:34,2
DA:35,2
DA:39,2
DA:40,2
DA:41,2
DA:42,2
DA:47,4
DA:48,4
DA:50,2
DA:51,4
DA:53,4
DA:54,2
LF:16
LH:16
end_of_record
SF:lib/widgets/kit_menu_item.dart
DA:15,0
DA:36,5
DA:40,8
DA:46,0
DA:47,0
DA:48,0
DA:49,0
LF:7
LH:2
end_of_record
SF:lib/widgets/kit_native_fab_menu.dart
DA:26,0
DA:46,2
DA:51,3
DA:61,1
DA:62,1
DA:79,1
DA:82,2
DA:83,1
DA:86,1
DA:90,2
DA:91,1
DA:94,1
DA:95,1
DA:96,1
DA:110,1
DA:111,1
DA:112,2
DA:113,1
DA:115,2
DA:117,1
DA:118,2
DA:122,2
DA:124,3
DA:129,2
DA:134,1
DA:135,2
DA:136,1
DA:137,1
DA:138,2
DA:139,0
DA:145,1
DA:153,2
DA:157,0
DA:158,0
DA:160,4
DA:161,1
DA:170,1
DA:171,2
DA:172,1
DA:173,1
DA:174,3
DA:175,1
DA:176,1
DA:180,0
LF:44
LH:39
end_of_record
SF:lib/widgets/kit_native_loading_indicator.dart
DA:24,1
DA:36,1
DA:40,2
DA:41,1
DA:42,1
DA:43,1
DA:46,2
DA:47,1
DA:51,5
DA:54,0
DA:58,0
DA:59,0
DA:60,0
LF:13
LH:9
end_of_record
SF:lib/widgets/kit_native_search_bar.dart
DA:20,1
DA:50,1
DA:54,2
DA:55,1
DA:57,2
DA:59,1
DA:62,2
DA:63,1
DA:64,1
DA:65,1
DA:66,1
DA:67,1
DA:70,0
DA:71,0
DA:72,0
DA:73,0
DA:74,0
DA:77,0
LF:18
LH:12
end_of_record
SF:lib/widgets/kit_native_popup_menu.dart
DA:29,1
DA:50,3
DA:55,3
DA:67,1
DA:71,2
DA:72,1
DA:75,1
DA:84,3
DA:87,1
DA:88,1
DA:90,3
DA:92,3
DA:104,4
DA:105,4
DA:106,2
DA:107,2
DA:108,0
DA:111,1
DA:112,1
DA:114,4
DA:115,3
DA:117,2
DA:118,1
DA:121,1
DA:122,1
DA:123,1
DA:125,1
DA:127,1
DA:128,2
DA:129,2
DA:131,2
DA:134,2
DA:135,1
DA:136,2
DA:144,0
DA:147,1
DA:148,1
DA:149,0
DA:155,1
DA:156,1
DA:161,1
DA:168,1
DA:172,0
DA:173,0
DA:174,2
DA:175,1
DA:176,1
DA:177,1
DA:179,1
DA:180,0
DA:183,1
DA:187,1
DA:188,0
DA:192,2
DA:193,1
DA:194,1
DA:195,1
DA:196,1
DA:197,1
DA:198,1
LF:60
LH:53
end_of_record
SF:lib/widgets/kit_native_icon_button.dart
DA:27,2
DA:49,4
DA:53,3
DA:71,2
DA:75,4
DA:76,1
DA:77,1
DA:79,0
DA:80,0
DA:81,0
DA:82,0
DA:84,1
DA:85,1
DA:86,1
DA:87,1
DA:88,1
DA:102,4
DA:103,8
DA:104,2
LF:19
LH:15
end_of_record
SF:lib/widgets/kit_native_chrome_gate.dart
DA:68,1
DA:83,1
DA:84,1
DA:104,1
DA:106,1
DA:107,3
DA:108,2
DA:110,2
DA:113,3
DA:116,0
DA:118,0
DA:119,0
DA:122,1
DA:124,3
DA:125,2
DA:126,1
DA:129,1
DA:130,4
DA:131,2
DA:132,3
DA:135,2
DA:136,2
DA:137,3
DA:138,2
DA:140,2
DA:144,1
DA:146,3
DA:148,1
DA:150,1
DA:153,3
DA:156,2
DA:158,3
DA:163,1
DA:164,1
DA:165,1
DA:166,3
DA:176,1
DA:180,1
DA:182,2
DA:184,0
DA:187,0
DA:191,1
DA:195,1
DA:197,1
DA:198,3
LF:45
LH:40
end_of_record
SF:lib/kit_locator.dart
DA:9,3
LF:1
LH:1
end_of_record
SF:lib/widgets/kit_native_toast.dart
DA:36,1
DA:42,2
DA:46,1
DA:51,0
DA:54,1
DA:63,1
DA:64,1
DA:65,1
DA:68,1
DA:69,4
DA:77,0
DA:83,0
DA:94,0
DA:95,0
DA:102,0
DA:103,0
DA:110,0
DA:111,0
DA:123,0
DA:125,0
DA:126,0
DA:127,0
LF:22
LH:9
end_of_record
SF:lib/widgets/kit_native_app_bar.dart
DA:24,1
DA:62,1
DA:69,1
DA:77,1
DA:79,2
DA:81,2
DA:87,1
DA:88,1
DA:89,1
DA:90,1
DA:91,1
DA:92,1
DA:93,1
DA:95,1
DA:96,1
DA:100,1
DA:101,0
DA:105,0
DA:106,0
DA:108,0
DA:110,0
DA:111,0
DA:112,0
DA:113,0
DA:118,0
DA:120,0
DA:123,0
DA:124,0
DA:125,0
DA:128,1
DA:129,1
DA:130,3
DA:131,1
DA:132,1
DA:133,1
DA:140,1
DA:154,1
DA:156,2
DA:158,1
DA:159,1
DA:160,1
DA:161,1
DA:164,1
DA:165,3
DA:166,1
DA:167,1
DA:168,1
LF:47
LH:34
end_of_record
SF:lib/widgets/kit_native_navigation_rail.dart
DA:19,1
DA:24,1
DA:36,2
DA:39,0
DA:60,1
DA:87,1
DA:89,2
DA:90,1
DA:94,1
DA:95,1
DA:104,0
DA:105,0
DA:106,0
DA:108,0
DA:111,0
DA:112,0
DA:113,0
DA:115,0
DA:117,0
DA:118,0
DA:120,0
DA:122,0
DA:123,0
DA:128,0
DA:129,0
DA:130,0
DA:132,0
DA:134,0
DA:135,0
DA:137,0
DA:138,0
DA:139,0
DA:143,0
DA:144,0
DA:145,0
DA:147,0
DA:150,0
DA:151,0
DA:152,0
DA:164,2
DA:165,1
DA:166,1
DA:171,1
DA:172,1
DA:173,1
DA:174,1
DA:175,1
DA:176,2
DA:177,1
DA:182,1
DA:183,1
DA:186,2
DA:187,1
DA:188,1
DA:189,1
DA:190,1
DA:191,1
DA:192,1
DA:193,1
DA:194,2
DA:195,2
LF:61
LH:31
end_of_record
SF:lib/widgets/kit_native_slider.dart
DA:17,1
DA:50,1
DA:54,2
DA:55,1
DA:56,1
DA:59,1
DA:60,1
DA:61,1
DA:62,1
DA:65,4
DA:66,1
DA:73,1
DA:74,1
DA:75,0
DA:76,0
DA:77,0
DA:78,0
DA:83,2
DA:84,1
DA:85,1
DA:86,1
DA:87,1
DA:88,1
LF:23
LH:19
end_of_record
SF:lib/widgets/kit_native_progress.dart
DA:28,1
DA:36,1
DA:41,1
DA:49,1
DA:54,1
DA:69,1
DA:73,4
DA:75,2
DA:76,1
DA:77,1
DA:78,2
DA:79,1
DA:84,1
DA:85,1
DA:86,0
DA:90,1
DA:91,1
DA:92,1
DA:93,2
DA:94,1
DA:97,1
DA:98,1
LF:22
LH:21
end_of_record
SF:lib/widgets/kit_native_toolbar.dart
DA:14,1
DA:39,2
DA:44,0
DA:53,0
DA:54,0
DA:55,0
DA:56,0
DA:80,1
DA:93,1
DA:97,3
DA:98,2
DA:99,1
DA:102,2
DA:103,1
DA:108,1
DA:109,1
DA:110,1
DA:111,1
DA:112,1
DA:113,1
DA:114,1
DA:115,1
DA:116,1
DA:117,1
DA:122,0
DA:126,0
DA:128,0
DA:129,0
DA:130,0
DA:131,0
DA:132,0
DA:133,0
DA:134,0
DA:136,0
DA:137,0
DA:138,0
DA:139,0
DA:145,0
DA:146,0
DA:148,0
DA:149,0
DA:150,0
DA:151,0
DA:161,1
DA:162,2
DA:163,1
DA:164,1
DA:165,1
DA:166,1
DA:167,0
DA:168,0
DA:169,0
DA:171,0
DA:173,0
DA:174,0
DA:175,0
DA:179,1
DA:180,1
DA:181,2
DA:182,1
DA:183,1
DA:186,1
DA:187,1
DA:188,1
DA:189,1
DA:191,3
DA:192,1
DA:193,0
LF:68
LH:36
end_of_record
SF:lib/widgets/kit_native_fab.dart
DA:27,1
DA:52,1
DA:56,2
DA:57,1
DA:60,1
DA:62,1
DA:63,1
DA:64,2
DA:65,3
DA:66,1
DA:71,1
DA:72,2
DA:73,1
DA:77,1
DA:81,1
DA:87,0
DA:88,0
DA:93,0
DA:95,2
DA:96,1
DA:97,0
DA:98,0
DA:99,0
DA:110,1
DA:113,1
LF:25
LH:19
end_of_record
SF:lib/widgets/kit_native_range_slider.dart
DA:17,1
DA:38,1
DA:44,2
DA:45,1
DA:46,1
DA:47,1
DA:48,1
DA:49,1
DA:50,1
DA:57,0
DA:58,0
DA:59,0
DA:60,0
DA:62,0
DA:63,0
DA:65,0
DA:72,0
DA:73,0
DA:74,0
DA:75,0
DA:76,0
DA:84,2
DA:85,1
DA:86,1
DA:87,1
DA:88,1
LF:26
LH:14
end_of_record
SF:lib/widgets/kit_native_sheet.dart
DA:28,1
DA:35,1
DA:36,1
DA:45,1
LF:4
LH:4
end_of_record
SF:lib/widgets/kit_native_split_button.dart
DA:30,1
DA:57,2
DA:62,3
DA:81,1
DA:85,2
DA:86,2
DA:87,1
DA:90,2
DA:100,1
DA:101,1
DA:102,1
DA:105,1
DA:106,1
DA:107,1
DA:109,1
DA:112,1
DA:115,1
DA:128,2
DA:129,1
DA:131,0
DA:132,2
DA:134,1
DA:135,0
DA:136,0
DA:139,0
DA:145,1
DA:148,1
DA:155,1
DA:158,2
DA:159,0
DA:160,1
DA:162,0
DA:163,2
DA:164,1
DA:165,1
DA:169,1
DA:170,1
DA:171,1
DA:175,0
DA:182,2
DA:185,1
DA:186,1
DA:188,1
DA:189,1
DA:190,1
DA:191,2
DA:192,1
DA:193,0
DA:194,0
DA:195,0
DA:197,0
DA:199,0
DA:200,0
DA:201,0
DA:202,0
DA:204,0
DA:205,0
DA:210,0
DA:211,0
DA:212,0
DA:213,0
DA:214,0
DA:222,1
DA:228,1
DA:229,2
DA:230,1
DA:231,1
DA:232,2
DA:233,2
DA:236,0
DA:237,0
DA:238,0
DA:239,0
DA:242,0
DA:243,0
DA:244,0
LF:76
LH:47
end_of_record
SF:lib/widgets/kit_native_switch.dart
DA:14,1
DA:36,1
DA:41,1
DA:42,1
DA:45,1
DA:46,1
DA:49,4
DA:50,1
LF:8
LH:8
end_of_record
