SF:lib/src/_tokens_adapter.dart
DA:5,0
LF:1
LH:0
end_of_record
SF:lib/src/enums.dart
DA:22,2
DA:23,1
DA:24,1
DA:25,2
DA:26,0
DA:27,1
DA:28,1
DA:29,2
DA:30,2
DA:31,0
DA:32,2
DA:35,1
DA:36,1
DA:37,2
DA:38,2
DA:39,1
DA:40,1
DA:41,1
DA:42,1
DA:43,2
DA:44,1
DA:45,1
LF:22
LH:20
end_of_record
SF:lib/src/menu_items.dart
DA:3,1
LF:1
LH:1
end_of_record
SF:lib/src/split_button.dart
DA:15,1
DA:31,1
DA:70,1
DA:71,1
DA:80,1
DA:82,1
DA:86,1
DA:87,1
DA:88,1
DA:89,1
DA:90,1
DA:94,3
DA:96,2
DA:97,4
DA:98,0
DA:100,3
DA:101,3
DA:105,3
DA:106,0
DA:108,1
DA:113,1
DA:120,1
DA:121,1
DA:125,1
DA:127,2
DA:128,0
DA:129,0
DA:130,0
DA:132,4
DA:133,1
DA:134,2
DA:135,2
DA:136,2
DA:142,3
DA:144,1
DA:145,3
DA:150,4
DA:151,4
DA:152,3
DA:154,8
DA:158,3
DA:159,3
DA:160,3
DA:162,3
DA:164,2
DA:168,3
DA:169,3
DA:170,3
DA:171,1
DA:175,1
DA:179,1
DA:180,0
DA:181,3
DA:184,1
DA:185,0
DA:186,3
DA:191,0
DA:192,0
DA:193,0
DA:194,0
DA:195,0
DA:198,0
DA:199,0
DA:200,0
DA:201,0
DA:202,0
DA:204,1
DA:208,2
DA:211,1
DA:212,1
DA:213,1
DA:221,2
DA:223,2
DA:224,0
DA:225,0
DA:226,0
DA:228,2
DA:229,0
DA:231,1
DA:232,1
DA:236,1
DA:237,3
DA:238,1
DA:239,1
DA:241,3
DA:252,1
DA:253,1
DA:254,2
DA:256,0
DA:258,4
DA:259,0
DA:261,1
DA:262,4
DA:265,1
DA:266,2
DA:271,1
DA:272,1
DA:273,1
DA:275,1
DA:278,1
DA:280,1
DA:289,1
DA:292,1
DA:293,1
DA:295,2
DA:296,1
DA:297,2
DA:298,0
DA:299,0
DA:300,0
DA:302,0
DA:303,0
DA:307,0
DA:308,0
DA:309,0
DA:310,0
DA:311,0
DA:315,1
DA:324,1
DA:327,1
DA:336,1
DA:339,0
DA:340,0
DA:341,0
DA:344,0
DA:346,0
DA:347,0
DA:349,0
DA:350,0
DA:351,0
DA:353,0
DA:355,0
DA:356,0
DA:357,0
DA:359,0
DA:360,0
DA:361,0
DA:367,0
DA:368,0
DA:372,0
DA:373,0
DA:374,0
DA:375,0
DA:376,0
DA:382,0
DA:384,0
DA:385,0
DA:387,0
DA:388,0
DA:389,0
DA:391,0
DA:393,0
DA:394,0
DA:395,0
DA:396,0
DA:398,0
DA:399,0
DA:400,0
DA:401,0
DA:402,0
DA:403,0
DA:404,0
DA:405,0
DA:409,0
DA:410,0
DA:411,0
DA:414,0
DA:416,0
DA:417,0
DA:418,0
DA:421,0
DA:423,0
DA:426,0
DA:427,0
DA:428,0
DA:434,0
DA:438,0
DA:439,0
DA:440,0
DA:441,0
DA:442,0
DA:458,0
DA:459,0
DA:460,0
DA:461,0
DA:462,0
DA:463,0
DA:473,0
DA:474,0
DA:475,0
DA:482,1
DA:512,1
DA:514,1
DA:515,3
DA:516,1
DA:519,1
DA:520,1
DA:521,1
DA:522,1
DA:525,1
DA:526,1
DA:527,1
DA:529,1
DA:530,1
DA:531,1
DA:532,2
DA:538,1
DA:539,2
DA:543,1
DA:544,2
DA:551,1
DA:563,1
DA:565,1
DA:566,2
DA:567,2
DA:568,2
DA:569,2
DA:570,2
DA:573,2
DA:574,1
DA:575,2
DA:576,1
DA:577,2
DA:578,0
DA:579,0
DA:583,3
DA:584,1
DA:585,1
DA:586,1
DA:588,1
DA:589,1
DA:591,1
DA:592,3
DA:595,1
DA:596,1
DA:597,1
DA:598,1
DA:600,4
DA:601,1
DA:609,0
DA:610,0
DA:611,0
DA:612,0
DA:614,0
DA:615,0
DA:620,0
DA:621,0
DA:622,0
DA:623,0
DA:625,0
DA:627,0
DA:638,1
DA:650,1
DA:652,3
DA:654,1
DA:656,1
DA:658,3
DA:666,1
DA:675,1
DA:676,1
DA:677,2
DA:678,2
DA:679,2
DA:680,2
DA:681,1
LF:265
LH:149
end_of_record
